2015-10-04 11:38:30 : ----new session----
2015-10-04 11:38:30 : Waiting For Download Window From FireFox
2015-10-04 11:38:31 : Download Window activated
2015-10-04 11:38:31 : Change Focus to Save Button
2015-10-04 11:38:32 : Press Enter
2015-10-04 11:40:50 : ----new session----
2015-10-04 11:40:53 : Arguments are wrong
2015-10-04 11:41:24 : ----new session----
2015-10-04 11:41:25 : Waiting For Download Window From FireFox
2015-10-04 11:41:25 : Download Window activated
2015-10-04 11:41:26 : Change Focus to Save Button
2015-10-04 11:41:26 : Press Enter
2015-10-08 08:37:21 : ----new session----
2015-10-08 08:37:22 : Waiting For Download Window From FireFox
2015-10-08 08:37:22 : Download Window activated
2015-10-08 08:37:23 : Change Focus to Save Button
2015-10-08 08:37:23 : Press Enter
2015-10-11 17:09:03 : ----new session----
2015-10-11 17:09:13 : Window Not Found From FireFox
2015-10-11 17:11:31 : ----new session----
2015-10-11 17:11:31 : Waiting For Download Window From FireFox
2015-10-11 17:11:32 : Download Window activated
2015-10-11 17:11:32 : Change Focus to Save Button
2015-10-11 17:11:33 : Press Enter
